2025-06-03 17:41:29,170 [ERROR] Ошибка выбора голоса для user_id=535516993 | TelegramBadRequest: Telegram server says - Bad Request: query is too old and response timeout expired or query ID is invalid
2025-06-03 20:17:48,729 [ERROR] Cause exception while process update id=85104730 by bot id=7270744825
TelegramBadRequest: Telegram server says - Bad Request: query is too old and response timeout expired or query ID is invalid
Traceback (most recent call last):
  File "C:\Users\cehek\PycharmProjects\pythonProject\.venv\lib\site-packages\aiogram\dispatcher\dispatcher.py", line 309, in _process_update
    response = await self.feed_update(bot, update, **kwargs)
  File "C:\Users\cehek\PycharmProjects\pythonProject\.venv\lib\site-packages\aiogram\dispatcher\dispatcher.py", line 158, in feed_update
    response = await self.update.wrap_outer_middleware(
  File "C:\Users\cehek\PycharmProjects\pythonProject\.venv\lib\site-packages\aiogram\dispatcher\middlewares\error.py", line 25, in __call__
    return await handler(event, data)
  File "C:\Users\cehek\PycharmProjects\pythonProject\.venv\lib\site-packages\aiogram\dispatcher\middlewares\user_context.py", line 56, in __call__
    return await handler(event, data)
  File "C:\Users\cehek\PycharmProjects\pythonProject\.venv\lib\site-packages\aiogram\fsm\middleware.py", line 42, in __call__
    return await handler(event, data)
  File "C:\Users\cehek\PycharmProjects\pythonProject\.venv\lib\site-packages\aiogram\dispatcher\event\telegram.py", line 121, in trigger
    return await wrapped_inner(event, kwargs)
  File "C:\Users\cehek\PycharmProjects\pythonProject\.venv\lib\site-packages\aiogram\dispatcher\event\handler.py", line 43, in call
    return await wrapped()
  File "C:\Users\cehek\PycharmProjects\pythonProject\.venv\lib\site-packages\aiogram\dispatcher\dispatcher.py", line 276, in _listen_update
    return await self.propagate_event(update_type=update_type, event=event, **kwargs)
  File "C:\Users\cehek\PycharmProjects\pythonProject\.venv\lib\site-packages\aiogram\dispatcher\router.py", line 146, in propagate_event
    return await observer.wrap_outer_middleware(_wrapped, event=event, data=kwargs)
  File "C:\Users\cehek\PycharmProjects\pythonProject\.venv\lib\site-packages\aiogram\dispatcher\router.py", line 141, in _wrapped
    return await self._propagate_event(
  File "C:\Users\cehek\PycharmProjects\pythonProject\.venv\lib\site-packages\aiogram\dispatcher\router.py", line 174, in _propagate_event
    response = await router.propagate_event(update_type=update_type, event=event, **kwargs)
  File "C:\Users\cehek\PycharmProjects\pythonProject\.venv\lib\site-packages\aiogram\dispatcher\router.py", line 146, in propagate_event
    return await observer.wrap_outer_middleware(_wrapped, event=event, data=kwargs)
  File "C:\Users\cehek\PycharmProjects\pythonProject\.venv\lib\site-packages\aiogram\dispatcher\router.py", line 141, in _wrapped
    return await self._propagate_event(
  File "C:\Users\cehek\PycharmProjects\pythonProject\.venv\lib\site-packages\aiogram\dispatcher\router.py", line 166, in _propagate_event
    response = await observer.trigger(event, **kwargs)
  File "C:\Users\cehek\PycharmProjects\pythonProject\.venv\lib\site-packages\aiogram\dispatcher\event\telegram.py", line 121, in trigger
    return await wrapped_inner(event, kwargs)
  File "C:\Users\cehek\PycharmProjects\pythonProject\.venv\lib\site-packages\aiogram\dispatcher\event\handler.py", line 43, in call
    return await wrapped()
  File "C:\Users\cehek\PycharmProjects\pythonProject\handlers\tts.py", line 77, in buy_packages_callback
    await callback.answer()
  File "C:\Users\cehek\PycharmProjects\pythonProject\.venv\lib\site-packages\aiogram\methods\base.py", line 84, in emit
    return await bot(self)
  File "C:\Users\cehek\PycharmProjects\pythonProject\.venv\lib\site-packages\aiogram\client\bot.py", line 478, in __call__
    return await self.session(self, method, timeout=request_timeout)
  File "C:\Users\cehek\PycharmProjects\pythonProject\.venv\lib\site-packages\aiogram\client\session\base.py", line 254, in __call__
    return cast(TelegramType, await middleware(bot, method))
  File "C:\Users\cehek\PycharmProjects\pythonProject\.venv\lib\site-packages\aiogram\client\session\aiohttp.py", line 185, in make_request
    response = self.check_response(
  File "C:\Users\cehek\PycharmProjects\pythonProject\.venv\lib\site-packages\aiogram\client\session\base.py", line 120, in check_response
    raise TelegramBadRequest(method=method, message=description)
aiogram.exceptions.TelegramBadRequest: Telegram server says - Bad Request: query is too old and response timeout expired or query ID is invalid
